<?xml version="1.0" encoding="UTF-8"?>
<!-- Generated by org.testng.reporters.JUnitReportReporter -->
<testsuite hostname="DESKTOP-29P337K" failures="0" tests="1" name="BasicTestScript.ToCreateALeadANdToEdit" time="0.003" errors="0" timestamp="23 Apr 2023 21:18:14 GMT" skipped="0">
  <testcase classname="BasicTestScript.ToCreateALeadANdToEdit" name="toCreateALeadAndEditTheLeadAndVerify" time="0.003"/>
</testsuite> <!-- BasicTestScript.ToCreateALeadANdToEdit -->
