<?xml version="1.0" encoding="UTF-8"?>
<!-- Generated by org.testng.reporters.JUnitReportReporter -->
<testsuite hostname="DESKTOP-29P337K" failures="0" tests="1" name="productModule.CreateAProductTest" time="22.327" errors="0" timestamp="23 Apr 2023 21:18:14 GMT" skipped="0">
  <testcase classname="productModule.CreateAProductTest" name="createProductWithVendorDetailsTest" time="22.327"/>
</testsuite> <!-- productModule.CreateAProductTest -->
