<?xml version="1.0" encoding="UTF-8"?>
<!-- Generated by org.testng.reporters.JUnitReportReporter -->
<testsuite hostname="DESKTOP-29P337K" failures="0" tests="1" name="OpportuniteTest" time="21.715" errors="0" timestamp="22 Apr 2023 21:24:53 GMT" skipped="0">
  <testcase classname="OpportuniteTest" name="createOpportunitiesTest" time="21.715"/>
</testsuite> <!-- OpportuniteTest -->
