<?xml version="1.0" encoding="UTF-8"?>
<!-- Generated by org.testng.reporters.JUnitReportReporter -->
<testsuite hostname="DESKTOP-29P337K" failures="0" tests="1" name="OpportunitiesModule.OpportuniteTest" time="15.953" errors="0" timestamp="22 Apr 2023 21:42:30 GMT" skipped="0">
  <testcase classname="OpportunitiesModule.OpportuniteTest" name="createOpportunitiesTest" time="15.953"/>
</testsuite> <!-- OpportunitiesModule.OpportuniteTest -->
