<?xml version="1.0" encoding="UTF-8"?>
<!-- Generated by org.testng.reporters.JUnitReportReporter -->
<testsuite hostname="DESKTOP-29P337K" failures="0" tests="1" name="Quote.RunQuoteTest" time="19.613" errors="0" timestamp="23 Apr 2023 21:18:14 GMT" skipped="0">
  <testcase classname="Quote.RunQuoteTest" name="CreateQuoteTestScript" time="19.613"/>
</testsuite> <!-- Quote.RunQuoteTest -->
